0	1	mikroCARM.exe -MSF -DBG -pSTM32F407VG -BIN -LHF -DL -SSA -O11111114 -fo32 -N"G:\Projects\MIPS\P1\Projects.mcpar" -SP"C:\Users\Public\Documents\Mikroelektronika\mikroC PRO for ARM\Defs\" -SP"C:\Users\Public\Documents\Mikroelektronika\mikroC PRO for ARM\Uses\" -SP"G:\Projects\MIPS\P1\" -SP"C:\Users\Public\Documents\Mikroelektronika\mikroC PRO for ARM\Uses\ST M4\" -SP"G:\Projects\MIPS\" -IP"G:\Projects\MIPS\P1\" "i2c.c" "magnetometer.c" "lcd.c" "MyProject.c" "__Lib_Math.emcl" "__Lib_MathDouble.emcl" "__Lib_Delays.emcl" "__Lib_System_4XX.emcl" "__Lib_GPIO_32F4xx_Defs.emcl" "__Lib_GPIO_32F4xx.emcl" "__Lib_CType.emcl" "__Lib_CString.emcl" "__Lib_CStdlib.emcl" "__Lib_CMath.emcl" "__Lib_MemManager.emcl" "__Lib_Conversions.emcl" "__Lib_Sprintf.emcl" "__Lib_PrintOut.emcl" "__Lib_Sprinti.emcl" "__Lib_Sprintl.emcl" "__Lib_Time.emcl" "__Lib_Trigonometry.emcl" "__Lib_Button.emcl" "__Lib_Keypad4x4.emcl" "__Lib_Manchester.emcl" "__Lib_OneWire.emcl" "__Lib_PS2.emcl" "__Lib_Sound.emcl" "__Lib_SoftI2C.emcl" "__Lib_SoftSPI.emcl" "__Lib_SoftUART.emcl" "__Lib_ADC_123_32F20x_16ch.emcl" "__Lib_FLASH_32F20x_40x.emcl" "__Lib_I2C_123.emcl" "__Lib_PWM_1234589_12_10_11_13_14.emcl" "__Lib_SPI_123.emcl" "__Lib_UART_123_45_6.emcl" "__Lib_CAN_12.emcl" "__Lib_DAC_12.emcl" "__Lib_USB_32F4xx.emcl" "__Lib_SDIO.emcl" "__Lib_PortExpander.emcl" "__Lib_CANSPI.emcl" "__Lib_CF.emcl" "__Lib_CFFat16.emcl" "__Lib_GlcdFonts.emcl" "__Lib_Glcd.emcl" "__Lib_LcdConsts.emcl" "__Lib_Lcd.emcl" "__Lib_Mmc_SDIO.emcl" "__Lib_MmcFat16.emcl" "__Lib_MmcFat16Constants.emcl" "__Lib_RS485.emcl" "__Lib_S1D13700.emcl" "__Lib_T6963C.emcl" "__Lib_SPIGlcd.emcl" "__Lib_SPILcd.emcl" "__Lib_SPILcd8.emcl" "__Lib_SPIT6963C.emcl" "__Lib_EthEnc28j60.emcl" "__Lib_EthEnc24j600.emcl" "__Lib_TFT.emcl" "__Lib_TFT_Defs.emcl" "__Lib_TouchPanel_TFT.emcl" "__Lib_TouchPanel.emcl" "__Lib_Vectors.emcl" "__Lib_Matrices.emcl" "__Lib_IIR.emcl" "__Lib_FIR.emcl" "__Lib_FFT.emcl" "__Lib_Q15.emcl" "__Lib_Q31.emcl" "__Lib_STMPE610.emcl" "__Lib_TSC2006.emcl"	 
hint: 22	1354	 warning: "/*" within comment	G:\Projects\MIPS\P1\i2c.c
diagnostics: 0	122	Compilation Started	lcd.h
hint: 0	1004	interrupt handler (interrupt at 0x0031)	i2c.c
hint: 0	1004	interrupt handler (interrupt2 at 0x0032)	i2c.c
diagnostics: 333	123	Compiled Successfully	i2c.c
hint: 14	1354	 warning: The macro is redefined     #define OUT_Z_MSB_ADDR 0x0D     previously macro "OUT_Z_MSB_ADDR" defined as: #define OUT_Z_MSB_ADDR  0x05 	G:\Projects\MIPS\P1\magnetometer.c
diagnostics: 0	122	Compilation Started	i2c.h
diagnostics: 37	123	Compiled Successfully	magnetometer.c
hint: 24	1164	Variable 'result' has been eliminated by optimizer	magnetometer.c
diagnostics: 0	122	Compilation Started	lcd.c
diagnostics: 85	123	Compiled Successfully	lcd.c
diagnostics: 0	122	Compilation Started	lcd.h
hint: 69	1163	Variable 'st2' has been declared, but not used	MyProject.c
diagnostics: 97	123	Compiled Successfully	MyProject.c
diagnostics: 0	127	All files Compiled in 172 ms	 
hint: 0	1144	Used RX: 14 (88%)   Free RX: 2 (12%)	Used RX: 14 (88%)   Free RX: 2 (12%)
hint: 0	1144	Static RAM (bytes): 121   Dynamic RAM (bytes): 130947	Static RAM (bytes): 121   Dynamic RAM (bytes): 130947
hint: 0	1144	Used ROM (bytes): 5960 (1%)  Free ROM (bytes): 1042616 (99%)	Used ROM (bytes): 5960 (1%)  Free ROM (bytes): 1042616 (99%)
diagnostics: 0	125	Project Linked Successfully	Projects.mcpar
diagnostics: 0	128	Linked in 656 ms	 
diagnostics: 0	129	Project 'Projects.mcpar' completed: 1078 ms	 
diagnostics: 0	103	Finished successfully: 04 Feb 2017, 18:21:40	Projects.mcpar
